Flutter crash report.
Please report a bug at https://github.com/flutter/flutter/issues.

## command

flutter --quiet assemble --depfile /Users/rishi/Dev/GitHub/investment_tracker/InvestmentTracker/build/app/intermediates/flutter/release/flutter_build.d --output /Users/rishi/Dev/GitHub/investment_tracker/InvestmentTracker/build/app/intermediates/flutter/release -dTargetFile=lib/main.dart -dTargetPlatform=android -dBuildMode=release -dTrackWidgetCreation=true -dTreeShakeIcons=true android_aot_bundle_release_android-arm android_aot_bundle_release_android-arm64 android_aot_bundle_release_android-x64

## exception

ArgumentError: Invalid argument(s): Cannot find executable for /Users/rishi/Dev/flutter/bin/cache/artifacts/engine/android-arm-release/darwin-x64/gen_snapshot.

```
#0      _getExecutable (package:process/src/interface/local_process_manager.dart:124:5)
#1      LocalProcessManager.start (package:process/src/interface/local_process_manager.dart:40:30)
#2      ErrorHandlingProcessManager.start.<anonymous closure> (package:flutter_tools/src/base/error_handling_io.dart:638:33)
#3      _run (package:flutter_tools/src/base/error_handling_io.dart:532:20)
#4      ErrorHandlingProcessManager.start (package:flutter_tools/src/base/error_handling_io.dart:638:12)
#5      _DefaultProcessUtils.start (package:flutter_tools/src/base/process.dart:472:28)
#6      _DefaultProcessUtils.stream (package:flutter_tools/src/base/process.dart:491:35)
#7      GenSnapshot.run (package:flutter_tools/src/base/build.dart:73:26)
#8      AOTSnapshotter.build (package:flutter_tools/src/base/build.dart:194:56)
#9      AndroidAot.build (package:flutter_tools/src/build_system/targets/android.dart:232:52)
#10     _BuildInstance._invokeInternal (package:flutter_tools/src/build_system/build_system.dart:796:27)
<asynchronous suspension>
#11     Future.wait.<anonymous closure> (dart:async/future.dart)
<asynchronous suspension>
#12     _BuildInstance.invokeTarget (package:flutter_tools/src/build_system/build_system.dart:734:32)
<asynchronous suspension>
#13     Future.wait.<anonymous closure> (dart:async/future.dart)
<asynchronous suspension>
#14     _BuildInstance.invokeTarget (package:flutter_tools/src/build_system/build_system.dart:734:32)
<asynchronous suspension>
#15     FlutterBuildSystem.build (package:flutter_tools/src/build_system/build_system.dart:563:16)
<asynchronous suspension>
#16     AssembleCommand.runCommand (package:flutter_tools/src/commands/assemble.dart:220:32)
<asynchronous suspension>
#17     FlutterCommand.verifyThenRunCommand (package:flutter_tools/src/runner/flutter_command.dart:1157:12)
<asynchronous suspension>
#18     FlutterCommand.run.<anonymous closure> (package:flutter_tools/src/runner/flutter_command.dart:1009:27)
<asynchronous suspension>
#19     AppContext.run.<anonymous closure> (package:flutter_tools/src/base/context.dart:150:19)
<asynchronous suspension>
#20     AppContext.run (package:flutter_tools/src/base/context.dart:149:12)
<asynchronous suspension>
#21     CommandRunner.runCommand (package:args/command_runner.dart:197:13)
<asynchronous suspension>
#22     FlutterCommandRunner.runCommand.<anonymous closure> (package:flutter_tools/src/runner/flutter_command_runner.dart:278:9)
<asynchronous suspension>
#23     AppContext.run.<anonymous closure> (package:flutter_tools/src/base/context.dart:150:19)
<asynchronous suspension>
#24     AppContext.run (package:flutter_tools/src/base/context.dart:149:12)
<asynchronous suspension>
#25     FlutterCommandRunner.runCommand (package:flutter_tools/src/runner/flutter_command_runner.dart:234:5)
<asynchronous suspension>
#26     run.<anonymous closure>.<anonymous closure> (package:flutter_tools/runner.dart:64:9)
<asynchronous suspension>
#27     run.<anonymous closure> (package:flutter_tools/runner.dart:62:12)
<asynchronous suspension>
#28     AppContext.run.<anonymous closure> (package:flutter_tools/src/base/context.dart:150:19)
<asynchronous suspension>
#29     AppContext.run (package:flutter_tools/src/base/context.dart:149:12)
<asynchronous suspension>
#30     runInContext (package:flutter_tools/src/context_runner.dart:73:10)
<asynchronous suspension>
#31     main (package:flutter_tools/executable.dart:90:3)
<asynchronous suspension>
```

## flutter doctor

```
[✓] Flutter (Channel stable, 2.0.3, on macOS 11.3 20E232 darwin-x64, locale en-GB)
    • Flutter version 2.0.3 at /Users/rishi/Dev/flutter
    • Framework revision 4d7946a68d (8 weeks ago), 2021-03-18 17:24:33 -0700
    • Engine revision 3459eb2436
    • Dart version 2.12.2

[✓] Android toolchain - develop for Android devices (Android SDK version 30.0.3)
    • Android SDK at /Users/rishi/Library/Android/sdk
    • Platform android-30, build-tools 30.0.3
    • Java binary at: /Applications/Android Studio.app/Contents/jre/jdk/Contents/Home/bin/java
    • Java version OpenJDK Runtime Environment (build 1.8.0_242-release-1644-b3-6915495)
    • All Android licenses accepted.

[✓] Xcode - develop for iOS and macOS
    • Xcode at /Applications/Xcode.app/Contents/Developer
    • Xcode 12.4, Build version 12D4e
    • CocoaPods version 1.10.1

[✓] Chrome - develop for the web
    • Chrome at /Applications/Google Chrome.app/Contents/MacOS/Google Chrome

[✓] Android Studio (version 4.1)
    • Android Studio at /Applications/Android Studio.app/Contents
    • Flutter plugin can be installed from:
      🔨 https://plugins.jetbrains.com/plugin/9212-flutter
    • Dart plugin can be installed from:
      🔨 https://plugins.jetbrains.com/plugin/6351-dart
    • Java version OpenJDK Runtime Environment (build 1.8.0_242-release-1644-b3-6915495)

[✓] Connected device (2 available)
    • GM1911 (mobile) • 68a7574a • android-arm64  • Android 11 (API 30)
    • Chrome (web)    • chrome   • web-javascript • Google Chrome 90.0.4430.212

• No issues found!
```
